#
# There is insufficient memory for the Java Runtime Environment to continue.
# Native memory allocation (mmap) failed to map 134217728 bytes for G1 virtual space
# Possible reasons:
#   The system is out of physical RAM or swap space
#   The process is running with CompressedOops enabled, and the Java Heap may be blocking the growth of the native heap
# Possible solutions:
#   Reduce memory load on the system
#   Increase physical memory or swap space
#   Check if swap backing store is full
#   Decrease Java heap size (-Xmx/-Xms)
#   Decrease number of Java threads
#   Decrease Java thread stack sizes (-Xss)
#   Set larger code cache with -XX:ReservedCodeCacheSize=
#   JVM is running with Unscaled Compressed Oops mode in which the Java heap is
#     placed in the first 4GB address space. The Java Heap base address is the
#     maximum limit for the native heap growth. Please use -XX:HeapBaseMinAddress
#     to set the Java Heap base and to place the Java Heap above 4GB virtual address.
# This output file may be truncated or incomplete.
#
#  Out of Memory Error (os_windows.cpp:3541), pid=10452, tid=3060
#
# JRE version:  (17.0.4.1+1) (build )
# Java VM: OpenJDK 64-Bit Server VM (17.0.4.1+1-LTS, mixed mode, sharing, tiered, compressed oops, compressed class ptrs, g1 gc, windows-amd64)
# No core dump will be written. Minidumps are not enabled by default on client versions of Windows
#

---------------  S U M M A R Y ------------

Command Line: -XX:TieredStopAtLevel=1 -Xverify:none -Dspring.output.ansi.enabled=always -Dcom.sun.management.jmxremote -Dspring.jmx.enabled=true -Dspring.liveBeansView.mbeanDomain -Dspring.application.admin.enabled=true -javaagent:C:\Program Files\JetBrains\IntelliJ IDEA 2022.1.2\lib\idea_rt.jar=6680:C:\Program Files\JetBrains\IntelliJ IDEA 2022.1.2\bin -Dfile.encoding=UTF-8 ru.seranov.bookexpert.backend.BookExpertApplication

Host: Intel(R) Core(TM) i3-3120M CPU @ 2.50GHz, 4 cores, 7G,  Windows 7 , 64 bit Build 7601 (6.1.7601.24117)
Time: Sat Nov  5 14:58:52 2022 Центральная Азия (зима) elapsed time: 0.019715 seconds (0d 0h 0m 0s)

---------------  T H R E A D  ---------------

Current thread (0x000000000225a1e0):  JavaThread "Unknown thread" [_thread_in_vm, id=3060, stack(0x0000000002390000,0x0000000002490000)]

Stack: [0x0000000002390000,0x0000000002490000]
Native frames: (J=compiled Java code, j=interpreted, Vv=VM code, C=native code)
V  [jvm.dll+0x646e0a]
V  [jvm.dll+0x7f81c4]
V  [jvm.dll+0x7f997e]
V  [jvm.dll+0x7f9fd3]
V  [jvm.dll+0x234cd8]
V  [jvm.dll+0x643d4a]
V  [jvm.dll+0x638672]
V  [jvm.dll+0x2f3019]
V  [jvm.dll+0x2fa166]
V  [jvm.dll+0x345baa]
V  [jvm.dll+0x345def]
V  [jvm.dll+0x2c97c8]
V  [jvm.dll+0x2ca759]
V  [jvm.dll+0x7cb891]
V  [jvm.dll+0x353091]
V  [jvm.dll+0x7abc6e]
V  [jvm.dll+0x3ce943]
V  [jvm.dll+0x3d0381]
C  [jli.dll+0x51af]
C  [ucrtbase.DLL+0x6be5d]
C  [kernel32.dll+0x159cd]
C  [ntdll.dll+0x5383d]


---------------  P R O C E S S  ---------------

Threads class SMR info:
_java_thread_list=0x000007fee40cc768, length=0, elements={
}

Java Threads: ( => current thread )

Other Threads:
  0x00000000022b7210 GCTaskThread "GC Thread#0" [stack: 0x0000000012480000,0x0000000012580000] [id=6676]
  0x00000000022c9bc0 ConcurrentGCThread "G1 Main Marker" [stack: 0x00000000125d0000,0x00000000126d0000] [id=10432]
  0x00000000022ccd30 ConcurrentGCThread "G1 Conc#0" [stack: 0x00000000126f0000,0x00000000127f0000] [id=9084]

[error occurred during error reporting (printing all threads), id 0xc0000005, EXCEPTION_ACCESS_VIOLATION (0xc0000005) at pc=0x000007fee38ba967]

VM state: not at safepoint (not fully initialized)

VM Mutex/Monitor currently owned by a thread:  ([mutex/lock_event])
[0x0000000002253b40] Heap_lock - owner thread: 0x000000000225a1e0

Heap address: 0x0000000081a00000, size: 2022 MB, Compressed Oops mode: 32-bit

CDS archive(s) mapped at: [0x0000000000000000-0x0000000000000000-0x0000000000000000), size 0, SharedBaseAddress: 0x0000000800000000, ArchiveRelocationMode: 0.
Narrow klass base: 0x0000000000000000, Narrow klass shift: 0, Narrow klass range: 0x0

GC Precious Log:
<Empty>

Heap:
 garbage-first heap   total 0K, used 0K [0x0000000081a00000, 0x0000000100000000)
  region size 1024K, 0 young (0K), 0 survivors (0K)

[error occurred during error reporting (printing heap information), id 0xc0000005, EXCEPTION_ACCESS_VIOLATION (0xc0000005) at pc=0x000007fee3c7e929]

GC Heap History (0 events):
No events

Deoptimization events (0 events):
No events

Classes unloaded (0 events):
No events

Classes redefined (0 events):
No events

Internal exceptions (0 events):
No events

VM Operations (0 events):
No events

Events (1 events):
Event: 0.012 Loaded shared library C:\Program Files\BellSoft\LibericaJDK-17\bin\java.dll


Dynamic libraries:
0x000000013faa0000 - 0x000000013faad000 	C:\Program Files\BellSoft\LibericaJDK-17\bin\java.exe
0x00000000775e0000 - 0x000000007777f000 	C:\Windows\SYSTEM32\ntdll.dll
0x00000000773c0000 - 0x00000000774df000 	C:\Windows\system32\kernel32.dll
0x000007fefd370000 - 0x000007fefd3da000 	C:\Windows\system32\KERNELBASE.dll
0x000007fee42c0000 - 0x000007fee42d8000 	C:\Program Files\BellSoft\LibericaJDK-17\bin\jli.dll
0x000007fefb4b0000 - 0x000007fefb6a4000 	C:\Windows\WinSxS\amd64_microsoft.windows.common-controls_6595b64144ccf1df_6.0.7601.23403_none_e36ad4593102f066\COMCTL32.dll
0x000007feff830000 - 0x000007feff8cf000 	C:\Windows\system32\msvcrt.dll
0x000007fefe250000 - 0x000007fefe2b7000 	C:\Windows\system32\GDI32.dll
0x00000000774e0000 - 0x00000000775da000 	C:\Windows\system32\USER32.dll
0x000007feff190000 - 0x000007feff19e000 	C:\Windows\system32\LPK.dll
0x000007fefd7a0000 - 0x000007fefd86b000 	C:\Windows\system32\USP10.dll
0x000007feff550000 - 0x000007feff5c1000 	C:\Windows\system32\SHLWAPI.dll
0x000007fee42a0000 - 0x000007fee42b5000 	C:\Program Files\BellSoft\LibericaJDK-17\bin\VCRUNTIME140.dll
0x000007fed9a20000 - 0x000007fed9a24000 	C:\Windows\system32\api-ms-win-crt-runtime-l1-1-0.dll
0x000007fed9920000 - 0x000007fed9a14000 	C:\Windows\system32\ucrtbase.DLL
0x000007fed9910000 - 0x000007fed9913000 	C:\Windows\system32\api-ms-win-core-timezone-l1-1-0.dll
0x000007fed9900000 - 0x000007fed9903000 	C:\Windows\system32\api-ms-win-core-file-l2-1-0.dll
0x000007fed98f0000 - 0x000007fed98f3000 	C:\Windows\system32\api-ms-win-core-localization-l1-2-0.dll
0x000007fefcf20000 - 0x000007fefcf23000 	C:\Windows\system32\api-ms-win-core-synch-l1-2-0.dll
0x000007fed98e0000 - 0x000007fed98e3000 	C:\Windows\system32\api-ms-win-core-processthreads-l1-1-1.dll
0x000007fed98d0000 - 0x000007fed98d3000 	C:\Windows\system32\api-ms-win-core-file-l1-2-0.dll
0x000007fed98c0000 - 0x000007fed98c3000 	C:\Windows\system32\api-ms-win-crt-heap-l1-1-0.dll
0x000007fed98b0000 - 0x000007fed98b4000 	C:\Windows\system32\api-ms-win-crt-string-l1-1-0.dll
0x000007fed98a0000 - 0x000007fed98a4000 	C:\Windows\system32\api-ms-win-crt-stdio-l1-1-0.dll
0x000007fed9890000 - 0x000007fed9894000 	C:\Windows\system32\api-ms-win-crt-convert-l1-1-0.dll
0x000007fed9840000 - 0x000007fed9843000 	C:\Windows\system32\api-ms-win-crt-environment-l1-1-0.dll
0x000007fed9860000 - 0x000007fed9863000 	C:\Windows\system32\api-ms-win-crt-filesystem-l1-1-0.dll
0x000007fed9830000 - 0x000007fed9835000 	C:\Windows\system32\api-ms-win-crt-math-l1-1-0.dll
0x000007fed9870000 - 0x000007fed9873000 	C:\Windows\system32\api-ms-win-crt-locale-l1-1-0.dll
0x000007fefe220000 - 0x000007fefe24e000 	C:\Windows\system32\IMM32.DLL
0x000007feff5e0000 - 0x000007feff6e9000 	C:\Windows\system32\MSCTF.dll
0x000007fefd1e0000 - 0x000007fefd210000 	C:\Windows\system32\nvinitx.dll
0x000007fefd1d0000 - 0x000007fefd1dc000 	C:\Windows\system32\VERSION.dll
0x000007feff750000 - 0x000007feff82b000 	C:\Windows\system32\ADVAPI32.dll
0x000007fefe340000 - 0x000007fefe35f000 	C:\Windows\SYSTEM32\sechost.dll
0x000007feff1a0000 - 0x000007feff2cd000 	C:\Windows\system32\RPCRT4.dll
0x0000000075020000 - 0x0000000075026000 	c:\Program Files\NVIDIA Corporation\CoProcManager\detoured.dll
0x000007fefbb80000 - 0x000007fefbbb8000 	c:\Program Files\NVIDIA Corporation\CoProcManager\nvd3d9wrapx.dll
0x000007feff2d0000 - 0x000007feff4a7000 	C:\Windows\system32\SETUPAPI.dll
0x000007fefd3e0000 - 0x000007fefd416000 	C:\Windows\system32\CFGMGR32.dll
0x000007fefd670000 - 0x000007fefd74a000 	C:\Windows\system32\OLEAUT32.dll
0x000007fefdd50000 - 0x000007fefdf4d000 	C:\Windows\system32\ole32.dll
0x000007fefd650000 - 0x000007fefd66a000 	C:\Windows\system32\DEVOBJ.dll
0x000007fefb890000 - 0x000007fefb8b4000 	c:\Program Files\NVIDIA Corporation\CoProcManager\nvdxgiwrapx.dll
0x000007fefcf50000 - 0x000007fefd047000 	C:\Windows\system32\guard64.dll
0x000007fefcf10000 - 0x000007fefcf19000 	C:\Windows\system32\fltlib.dll
0x000007fee4200000 - 0x000007fee429b000 	C:\Program Files\BellSoft\LibericaJDK-17\bin\msvcp140.dll
0x000007fed9850000 - 0x000007fed9853000 	C:\Windows\system32\api-ms-win-crt-time-l1-1-0.dll
0x000007fed9820000 - 0x000007fed9823000 	C:\Windows\system32\api-ms-win-crt-utility-l1-1-0.dll
0x000007fee35e0000 - 0x000007fee41fb000 	C:\Program Files\BellSoft\LibericaJDK-17\bin\server\jvm.dll
0x000007fedc3a0000 - 0x000007fedc3a9000 	C:\Windows\system32\WSOCK32.dll
0x000007fefd750000 - 0x000007fefd79d000 	C:\Windows\system32\WS2_32.dll
0x000007feff5d0000 - 0x000007feff5d8000 	C:\Windows\system32\NSI.dll
0x000007fefbfd0000 - 0x000007fefc00b000 	C:\Windows\system32\WINMM.dll
0x0000000077790000 - 0x0000000077797000 	C:\Windows\system32\PSAPI.DLL
0x000007fee8e70000 - 0x000007fee8e7a000 	C:\Program Files\BellSoft\LibericaJDK-17\bin\jimage.dll
0x000007fee9b50000 - 0x000007fee9c75000 	C:\Windows\system32\DBGHELP.DLL
0x000007fef4470000 - 0x000007fef447e000 	C:\Program Files\BellSoft\LibericaJDK-17\bin\instrument.dll
0x000007fee35b0000 - 0x000007fee35d5000 	C:\Program Files\BellSoft\LibericaJDK-17\bin\java.dll

dbghelp: loaded successfully - version: 4.0.5 - missing functions: none
symbol engine: initialized successfully - sym options: 0x614 - pdb path: .;C:\Program Files\BellSoft\LibericaJDK-17\bin;C:\Windows\SYSTEM32;C:\Windows\WinSxS\amd64_microsoft.windows.common-controls_6595b64144ccf1df_6.0.7601.23403_none_e36ad4593102f066;c:\Program Files\NVIDIA Corporation\CoProcManager;C:\Program Files\BellSoft\LibericaJDK-17\bin\server

VM Arguments:
jvm_args: -XX:TieredStopAtLevel=1 -Xverify:none -Dspring.output.ansi.enabled=always -Dcom.sun.management.jmxremote -Dspring.jmx.enabled=true -Dspring.liveBeansView.mbeanDomain -Dspring.application.admin.enabled=true -javaagent:C:\Program Files\JetBrains\IntelliJ IDEA 2022.1.2\lib\idea_rt.jar=6680:C:\Program Files\JetBrains\IntelliJ IDEA 2022.1.2\bin -Dfile.encoding=UTF-8 
java_command: ru.seranov.bookexpert.backend.BookExpertApplication
java_class_path (initial): C:\prj\BookExpert\backend\build\classes\java\main;C:\prj\BookExpert\backend\build\resources\main;C:\Users\1\.gradle\caches\modules-2\files-2.1\org.springframework.boot\spring-boot-configuration-processor\2.7.5\14b8494f9923ea27471a16f07529964cecfdb831\spring-boot-configuration-processor-2.7.5.jar;C:\Users\1\.gradle\caches\modules-2\files-2.1\org.projectlombok\lombok\1.18.24\13a394eed5c4f9efb2a6d956e2086f1d81e857d9\lombok-1.18.24.jar;C:\Users\1\.gradle\caches\modules-2\files-2.1\org.projectlombok\lombok-mapstruct-binding\0.2.0\2f1cf9ced7b720ba4996c942b816669e63f0fa4f\lombok-mapstruct-binding-0.2.0.jar;C:\Users\1\.gradle\caches\modules-2\files-2.1\org.mapstruct\mapstruct-processor\1.5.3.Final\dce418bedafd71ff8dd2cef15006c0fee788b073\mapstruct-processor-1.5.3.Final.jar;C:\Users\1\.gradle\caches\modules-2\files-2.1\org.springframework.boot\spring-boot-starter-amqp\2.7.5\155f0c277b4e7dcac583e8c11cbf5db1a7d0e6d6\spring-boot-starter-amqp-2.7.5.jar;C:\Users\1\.gradle\caches\modules-2\files-2.1\org.springframework.boot\spring-boot-starter-data-jdbc\2.7.5\bde6c55c509490e7765013ed98f112f12f9115fe\spring-boot-starter-data-jdbc-2.7.5.jar;C:\Users\1\.gradle\caches\modules-2\files-2.1\org.springframework.boot\spring-boot-starter-data-jpa\2.7.5\b83184467079d5b808fb2f9fbc858b1804975808\spring-boot-starter-data-jpa-2.7.5.jar;C:\Users\1\.gradle\caches\modules-2\files-2.1\org.springframework.boot\spring-boot-starter-data-mongodb-reactive\2.7.5\a9be423f1b500a72c6880a03a89b7baf87c2aa57\spring-boot-starter-data-mongodb-reactive-2.7.5.jar;C:\Users\1\.gradle\caches\modules-2\files-2.1\org.springframework.boot\spring-boot-starter-data-r2dbc\2.7.5\8a05b71fa2ad2bd5eac60d7c1180c4e33c6a78df\spring-boot-starter-data-r2dbc-2.7.5.jar;C:\Users\1\.gradle\caches\modules-2\files-2.1\org.springframework.boot\spring-boot-starter-thymeleaf\2.7.5\d2be8d1d822d988924e0a23c81d795ae5aa288f3\spring-boot-starter-thymeleaf-2.7.5.jar;C:\Users\1\.gradle\caches\modules-2\files-2.1\org.spr
Launcher Type: SUN_STANDARD

[Global flags]
     intx CICompilerCount                          = 3                                         {product} {ergonomic}
     uint ConcGCThreads                            = 1                                         {product} {ergonomic}
     uint G1ConcRefinementThreads                  = 4                                         {product} {ergonomic}
   size_t G1HeapRegionSize                         = 1048576                                   {product} {ergonomic}
    uintx GCDrainStackTargetSize                   = 64                                        {product} {ergonomic}
   size_t InitialHeapSize                          = 134217728                                 {product} {ergonomic}
     bool ManagementServer                         = true                                      {product} {command line}
   size_t MarkStackSize                            = 4194304                                   {product} {ergonomic}
   size_t MaxHeapSize                              = 2120220672                                {product} {ergonomic}
   size_t MinHeapDeltaBytes                        = 1048576                                   {product} {ergonomic}
   size_t MinHeapSize                              = 8388608                                   {product} {ergonomic}
    uintx NonProfiledCodeHeapSize                  = 0                                      {pd product} {ergonomic}
     bool ProfileInterpreter                       = false                                  {pd product} {command line}
    uintx ProfiledCodeHeapSize                     = 0                                      {pd product} {ergonomic}
   size_t SoftMaxHeapSize                          = 2120220672                             {manageable} {ergonomic}
     intx TieredStopAtLevel                        = 1                                         {product} {command line}
     bool UseCompressedClassPointers               = true                           {product lp64_product} {ergonomic}
     bool UseCompressedOops                        = true                           {product lp64_product} {ergonomic}
     bool UseG1GC                                  = true                                      {product} {ergonomic}
     bool UseLargePagesIndividualAllocation        = false                                  {pd product} {ergonomic}

Logging:
Log output configuration:
 #0: stdout all=warning uptime,level,tags
 #1: stderr all=off uptime,level,tags

Environment Variables:
JAVA_HOME=C:\Program Files\BellSoft\LibericaJDK-17\
PATH=C:\Program Files\BellSoft\LibericaJDK-17\bin\;c:\Program Files\Broadcom\Broadcom 802.11 Network Adapter;C:\Program Files (x86)\Intel\iCLS Client\;C:\Program Files\Intel\iCLS Client\;C:\Windows\system32;C:\Windows;C:\Windows\System32\Wbem;C:\Windows\System32\WindowsPowerShell\v1.0\;c:\Program Files\Intel\Intel(R) Management Engine Components\DAL;c:\Program Files\Intel\Intel(R) Management Engine Components\IPT;c:\Program Files (x86)\Intel\Intel(R) Management Engine Components\DAL;c:\Program Files (x86)\Intel\Intel(R) Management Engine Components\IPT;c:\Program Files (x86)\Intel\OpenCL SDK\2.0\bin\x86;c:\Program Files (x86)\Intel\OpenCL SDK\2.0\bin\x64;c:\Program Files (x86)\AOMEI Backupper;c:\Program Files (x86)\NVIDIA Corporation\PhysX\Common;c:\Program Files (x86)\Sennheiser\SenncomSDK\;c:\Program Files\Git\cmd
USERNAME=1
OS=Windows_NT
PROCESSOR_IDENTIFIER=Intel64 Family 6 Model 58 Stepping 9, GenuineIntel
TMP=C:\Users\1\AppData\Local\Temp
TEMP=C:\Users\1\AppData\Local\Temp



---------------  S Y S T E M  ---------------

OS:
 Windows 7 , 64 bit Build 7601 (6.1.7601.24117)
OS uptime: 1 days 1:44 hours

CPU: total 4 (initial active 4) (2 cores per cpu, 2 threads per core) family 6 model 58 stepping 9 microcode 0x0, cx8, cmov, fxsr, ht, mmx, sse, sse2, sse3, ssse3, sse4.1, sse4.2, popcnt, tsc, tscinvbit, avx, erms, clmul, vzeroupper, clflush

Memory: 4k page, system-wide physical 8084M (406M free)
TotalPageFile size 12082M (AvailPageFile size 95M)
current process WorkingSet (physical memory assigned to process): 13M, peak: 13M
current process commit charge ("private bytes"): 55M, peak: 181M

vm_info: OpenJDK 64-Bit Server VM (17.0.4.1+1-LTS) for windows-amd64 JRE (17.0.4.1+1-LTS), built on Aug 12 2022 11:18:32 by "" with MS VC++ 15.9 (VS2017)

END.
